<?xml version="1.0" encoding="UTF-8"?>
<!-- Generated by org.testng.reporters.JUnitXMLReporter -->
<testsuite ignored="6" hostname="DESKTOP-FH0MTAT" failures="0" tests="12" name="Test" time="17.176" errors="0" timestamp="2023-06-29T14:53:28 IST">
  <testcase classname="com.QaLegandProject.scripts.LoginTest" name="verifySignInvalidUserinvalidPassword" time="1.03"/>
  <testcase classname="com.QaLegandProject.scripts.LoginTest" name="verifySignIninvalidUservalidPassword" time="0.497"/>
  <testcase classname="com.QaLegandProject.scripts.LoginTest" name="verifySignIninvalidUserinvalidPassword" time="0.503"/>
  <testcase classname="com.QaLegandProject.scripts.LoginTest" name="verifySignInvalidUservalidPassword" time="1.379"/>
  <testcase classname="com.QaLegandProject.scripts.HomeTest" name="verifyingClientMoreInfoButton" time="2.441"/>
  <testcase classname="com.QaLegandProject.scripts.CustomerTest" name="verifyingShowEntries" time="0.14"/>
  <testcase classname="com.QaLegandProject.scripts.CustomerTest" name="deleteselectedrow" time="0.984"/>
  <testcase classname="com.QaLegandProject.scripts.CustomerTest" name="verifyingClientAddition" time="0.362"/>
  <testcase classname="com.QaLegandProject.scripts.CustomerTest" name="verifyingPageNavigation" time="0.599"/>
  <testcase classname="com.QaLegandProject.scripts.CustomerTest" name="checkcalender" time="0.114"/>
  <testcase classname="com.QaLegandProject.scripts.CustomerTest" name="verifyingStatus" time="0.928"/>
  <testcase classname="com.QaLegandProject.scripts.CustomerTest" name="verifyingpictureUpload" time="0.759"/>
  <testcase classname="com.QaLegandProject.Base.TestBase" name="@BeforeTest beforeTest" time="0.0">
    <ignored/>
  </testcase> <!-- @BeforeTest beforeTest -->
  <testcase classname="com.QaLegandProject.Base.TestBase" name="@AfterTest afterTest" time="0.0">
    <ignored/>
  </testcase> <!-- @AfterTest afterTest -->
  <testcase classname="com.QaLegandProject.Base.TestBase" name="@BeforeTest beforeTest" time="0.0">
    <ignored/>
  </testcase> <!-- @BeforeTest beforeTest -->
  <testcase classname="com.QaLegandProject.Base.TestBase" name="@BeforeTest beforeTest" time="0.0">
    <ignored/>
  </testcase> <!-- @BeforeTest beforeTest -->
  <testcase classname="com.QaLegandProject.Base.TestBase" name="@AfterTest afterTest" time="0.0">
    <ignored/>
  </testcase> <!-- @AfterTest afterTest -->
  <testcase classname="com.QaLegandProject.Base.TestBase" name="@AfterTest afterTest" time="0.0">
    <ignored/>
  </testcase> <!-- @AfterTest afterTest -->
</testsuite> <!-- Test -->
